<?xml version="1.0" encoding="UTF-8"?>
<!-- Generated by org.testng.reporters.JUnitReportReporter -->
<testsuite skipped="0" hostname="SSSDU-7132" name="test.cleartripTest" tests="1" failures="0" timestamp="18 Sep 2020 18:48:11 GMT" time="72.674" errors="0">
  <testcase name="searchFlight" time="72.674" classname="test.cleartripTest"/>
</testsuite> <!-- test.cleartripTest -->
